0-prep 0h0m4s463ms
1-yosys 0h0m2s653ms
2-opensta 0h0m3s189ms
3-verilog2def_openroad 0h0m2s116ms
4-ioPlacer 0h0m1s580ms
5-tapcell 0h0m1s666ms
6-pdn 0h0m2s102ms
7-replace 0h0m3s431ms
7-resizer 0h0m2s366ms
8-write_verilog 0h0m1s636ms
9-opensta_post_resizer 0h0m3s119ms
10-opendp 0h0m1s623ms
11-cts 0h1m45s633ms
12-write_verilog 0h0m1s785ms
12-resizer_timing 0h0m2s50ms
13-write_verilog 0h0m1s571ms
14-opensta_post_resizer_timing 0h0m3s199ms
15-fastroute 0h0m3s853ms
16-addspacers 0h0m1s626ms
17-write_verilog 0h0m1s618ms
18-tritonRoute 0h0m5s681ms
19-spef_extraction 0h0m1s995ms
20-opensta_spef 0h0m3s226ms
22-write_verilog 0h0m1s617ms
26-magic_gen 0h0m2s538ms
27-klayout 0h0m3s830ms
29-klayout_xor 0h0m10s876ms
30-magic_ext_spice 0h0m0s572ms
31-lvs 0h0m0s289ms
32-magic_drc 0h0m7s374ms
34-or_antenna 0h0m1s649ms
35-cvc 0h0m0s541ms