min_max_report
Startpoint: _46_ (rising edge-triggered flip-flop clocked by clk)
Endpoint: _46_ (rising edge-triggered flip-flop clocked by clk)
Path Group: clk
Path Type: min

Fanout     Cap    Slew   Delay    Time   Description
-----------------------------------------------------------------------------
                  0.00    0.00    0.00   clock clk (rise edge)
                          0.00    0.00   clock network delay (ideal)
                  0.00    0.00    0.00 ^ _46_/CLK (sky130_fd_sc_hd__dfxtp_1)
                  0.06    0.21    0.21 v _46_/Q (sky130_fd_sc_hd__dfxtp_1)
     4    0.02                           net3 (net)
                  0.06    0.01    0.22 v _26_/A (sky130_fd_sc_hd__inv_2)
                  0.03    0.04    0.26 ^ _26_/Y (sky130_fd_sc_hd__inv_2)
     2    0.01                           _00_ (net)
                  0.03    0.00    0.26 ^ _42_/A0 (sky130_fd_sc_hd__mux2_1)
                  0.03    0.07    0.33 ^ _42_/X (sky130_fd_sc_hd__mux2_1)
     1    0.00                           _08_ (net)
                  0.03    0.00    0.33 ^ _25_/B_N (sky130_fd_sc_hd__nor2b_1)
                  0.05    0.07    0.40 ^ _25_/Y (sky130_fd_sc_hd__nor2b_1)
     1    0.00                           _12_ (net)
                  0.05    0.00    0.40 ^ _46_/D (sky130_fd_sc_hd__dfxtp_1)
                                  0.40   data arrival time

                  0.00    0.00    0.00   clock clk (rise edge)
                          0.00    0.00   clock network delay (ideal)
                          0.00    0.00   clock reconvergence pessimism
                                  0.00 ^ _46_/CLK (sky130_fd_sc_hd__dfxtp_1)
                         -0.02   -0.02   library hold time
                                 -0.02   data required time
-----------------------------------------------------------------------------
                                 -0.02   data required time
                                 -0.40   data arrival time
-----------------------------------------------------------------------------
                                  0.42   slack (MET)


Startpoint: _46_ (rising edge-triggered flip-flop clocked by clk)
Endpoint: _49_ (rising edge-triggered flip-flop clocked by clk)
Path Group: clk
Path Type: max

Fanout     Cap    Slew   Delay    Time   Description
-----------------------------------------------------------------------------
                  0.00    0.00    0.00   clock clk (rise edge)
                          0.00    0.00   clock network delay (ideal)
                  0.00    0.00    0.00 ^ _46_/CLK (sky130_fd_sc_hd__dfxtp_1)
                  0.15    0.65    0.65 v _46_/Q (sky130_fd_sc_hd__dfxtp_1)
     4    0.02                           net3 (net)
                  0.15    0.01    0.65 v _28_/A (sky130_fd_sc_hd__or2_1)
                  0.15    0.59    1.25 v _28_/X (sky130_fd_sc_hd__or2_1)
     3    0.01                           _16_ (net)
                  0.15    0.00    1.25 v _32_/B (sky130_fd_sc_hd__or2_1)
                  0.14    0.54    1.79 v _32_/X (sky130_fd_sc_hd__or2_1)
     3    0.01                           _18_ (net)
                  0.14    0.00    1.79 v _38_/B2 (sky130_fd_sc_hd__o2bb2a_1)
                  0.10    0.61    2.40 v _38_/X (sky130_fd_sc_hd__o2bb2a_1)
     1    0.00                           _06_ (net)
                  0.10    0.00    2.41 v _45_/A0 (sky130_fd_sc_hd__mux2_1)
                  0.11    0.64    3.05 v _45_/X (sky130_fd_sc_hd__mux2_1)
     1    0.00                           _11_ (net)
                  0.11    0.00    3.05 v _41_/B_N (sky130_fd_sc_hd__nor2b_1)
                  0.08    0.28    3.33 v _41_/Y (sky130_fd_sc_hd__nor2b_1)
     1    0.00                           _15_ (net)
                  0.08    0.00    3.33 v _49_/D (sky130_fd_sc_hd__dfxtp_1)
                                  3.33   data arrival time

                  0.00   10.00   10.00   clock clk (rise edge)
                          0.00   10.00   clock network delay (ideal)
                          0.00   10.00   clock reconvergence pessimism
                                 10.00 ^ _49_/CLK (sky130_fd_sc_hd__dfxtp_1)
                         -0.29    9.71   library setup time
                                  9.71   data required time
-----------------------------------------------------------------------------
                                  9.71   data required time
                                 -3.33   data arrival time
-----------------------------------------------------------------------------
                                  6.38   slack (MET)


