OpenROAD 1 f0e6c04818f120fcd15c29735a398d3cd420bd78
This program is licensed under the BSD-3 license. See the LICENSE file for details.
Components of this program may be licensed under more restrictive licenses which must be honored.
[INFO ODB-0222] Reading LEF file: /openLANE_flow/designs/dvsd_4bit_binary_counter/runs/binary_counter_bala/tmp/merged.lef
[WARNING ODB-0220] WARNING (LEFPARS-2036): SOURCE statement is obsolete in version 5.6 and later.
The LEF parser will ignore this statement.
To avoid this warning in the future, remove this statement from the LEF file with version 5.6 or later. See file /openLANE_flow/designs/dvsd_4bit_binary_counter/runs/binary_counter_bala/tmp/merged.lef at line 794.

[INFO ODB-0223]     Created 13 technology layers
[INFO ODB-0224]     Created 25 technology vias
[INFO ODB-0225]     Created 441 library cells
[INFO ODB-0226] Finished LEF file:  /openLANE_flow/designs/dvsd_4bit_binary_counter/runs/binary_counter_bala/tmp/merged.lef
[INFO ODB-0127] Reading DEF file: /openLANE_flow/designs/dvsd_4bit_binary_counter/runs/binary_counter_bala/tmp/floorplan/3-verilog2def_openroad.def
[INFO ODB-0128] Design: dvsd_4bit_binary_counter
[INFO ODB-0130]     Created 7 pins.
[INFO ODB-0131]     Created 27 components and 195 component-terminals.
[INFO ODB-0133]     Created 30 nets and 87 connections.
[INFO ODB-0134] Finished DEF file: /openLANE_flow/designs/dvsd_4bit_binary_counter/runs/binary_counter_bala/tmp/floorplan/3-verilog2def_openroad.def
Found 0 macro blocks.
Using 1u default distance from corners.
Using 2 tracks default min distance between IO pins.
[INFO PPL-0007] Random pin placement.
