Using Techfile: /home/balakrishna/Desktop/vsdflow/work/tools/openlane_working_dir/openlane/pdks/sky130A/libs.tech/klayout/sky130A.lyt
Using DEF file: /openLANE_flow/designs/dvsd_4bit_binary_counter/runs/binary_counter_bala/results/routing/17-dvsd_4bit_binary_counter.def
Design Name: dvsd_4bit_binary_counter
Output GDS will be: /openLANE_flow/designs/dvsd_4bit_binary_counter/runs/binary_counter_bala/results/klayout/dvsd_4bit_binary_counter.gds
Extra GDSes:
/home/balakrishna/Desktop/vsdflow/work/tools/openlane_working_dir/openlane/pdks/sky130A/libs.ref/sky130_fd_sc_hd/gds/sky130_ef_sc_hd__fakediode_2.gds /home/balakrishna/Desktop/vsdflow/work/tools/openlane_working_dir/openlane/pdks/sky130A/libs.ref/sky130_fd_sc_hd/gds/sky130_fd_sc_hd.gds /home/balakrishna/Desktop/vsdflow/work/tools/openlane_working_dir/openlane/pdks/sky130A/libs.ref/sky130_fd_sc_hd/gds/sky130_ef_sc_hd__fill_8.gds /home/balakrishna/Desktop/vsdflow/work/tools/openlane_working_dir/openlane/pdks/sky130A/libs.ref/sky130_fd_sc_hd/gds/sky130_ef_sc_hd__fill_12.gds /home/balakrishna/Desktop/vsdflow/work/tools/openlane_working_dir/openlane/pdks/sky130A/libs.ref/sky130_fd_sc_hd/gds/sky130_ef_sc_hd__fill_4.gds /home/balakrishna/Desktop/vsdflow/work/tools/openlane_working_dir/openlane/pdks/sky130A/libs.ref/sky130_fd_sc_hd/gds/sky130_ef_sc_hd__decap_12.gds
[INFO] Clearing cells...
[INFO] Merging GDS files...
	/home/balakrishna/Desktop/vsdflow/work/tools/openlane_working_dir/openlane/pdks/sky130A/libs.ref/sky130_fd_sc_hd/gds/sky130_ef_sc_hd__fakediode_2.gds
	/home/balakrishna/Desktop/vsdflow/work/tools/openlane_working_dir/openlane/pdks/sky130A/libs.ref/sky130_fd_sc_hd/gds/sky130_fd_sc_hd.gds
	/home/balakrishna/Desktop/vsdflow/work/tools/openlane_working_dir/openlane/pdks/sky130A/libs.ref/sky130_fd_sc_hd/gds/sky130_ef_sc_hd__fill_8.gds
	/home/balakrishna/Desktop/vsdflow/work/tools/openlane_working_dir/openlane/pdks/sky130A/libs.ref/sky130_fd_sc_hd/gds/sky130_ef_sc_hd__fill_12.gds
	/home/balakrishna/Desktop/vsdflow/work/tools/openlane_working_dir/openlane/pdks/sky130A/libs.ref/sky130_fd_sc_hd/gds/sky130_ef_sc_hd__fill_4.gds
	/home/balakrishna/Desktop/vsdflow/work/tools/openlane_working_dir/openlane/pdks/sky130A/libs.ref/sky130_fd_sc_hd/gds/sky130_ef_sc_hd__decap_12.gds
[INFO] Copying toplevel cell 'dvsd_4bit_binary_counter'
WARNING: no fill config file specified
[INFO] Checking for missing GDS...
[INFO] All LEF cells have matching GDS cells
[INFO] Writing out GDS '/openLANE_flow/designs/dvsd_4bit_binary_counter/runs/binary_counter_bala/results/klayout/dvsd_4bit_binary_counter.gds'
Done
