min_max_report
Startpoint: _46_ (rising edge-triggered flip-flop clocked by clk)
Endpoint: _46_ (rising edge-triggered flip-flop clocked by clk)
Path Group: clk
Path Type: min

Fanout     Cap    Slew   Delay    Time   Description
-----------------------------------------------------------------------------
                  0.00    0.00    0.00   clock clk (rise edge)
                          0.00    0.00   clock network delay (ideal)
                  0.00    0.00    0.00 ^ _46_/CLK (sky130_fd_sc_hd__dfxtp_1)
                  0.04    0.20    0.20 v _46_/Q (sky130_fd_sc_hd__dfxtp_1)
     4    0.01                           net3 (net)
                  0.04    0.00    0.20 v _26_/A (sky130_fd_sc_hd__inv_2)
                  0.02    0.03    0.23 ^ _26_/Y (sky130_fd_sc_hd__inv_2)
     2    0.00                           _00_ (net)
                  0.02    0.00    0.23 ^ _42_/A0 (sky130_fd_sc_hd__mux2_1)
                  0.02    0.06    0.29 ^ _42_/X (sky130_fd_sc_hd__mux2_1)
     1    0.00                           _08_ (net)
                  0.02    0.00    0.29 ^ _25_/B_N (sky130_fd_sc_hd__nor2b_1)
                  0.05    0.07    0.36 ^ _25_/Y (sky130_fd_sc_hd__nor2b_1)
     1    0.00                           _12_ (net)
                  0.05    0.00    0.36 ^ _46_/D (sky130_fd_sc_hd__dfxtp_1)
                                  0.36   data arrival time

                  0.00    0.00    0.00   clock clk (rise edge)
                          0.00    0.00   clock network delay (ideal)
                          0.00    0.00   clock reconvergence pessimism
                                  0.00 ^ _46_/CLK (sky130_fd_sc_hd__dfxtp_1)
                         -0.02   -0.02   library hold time
                                 -0.02   data required time
-----------------------------------------------------------------------------
                                 -0.02   data required time
                                 -0.36   data arrival time
-----------------------------------------------------------------------------
                                  0.38   slack (MET)


Startpoint: updown (input port clocked by clk)
Endpoint: _47_ (rising edge-triggered flip-flop clocked by clk)
Path Group: clk
Path Type: max

Fanout     Cap    Slew   Delay    Time   Description
-----------------------------------------------------------------------------
                  0.00    0.00    0.00   clock clk (rise edge)
                          0.00    0.00   clock network delay (ideal)
                          2.00    2.00 ^ input external delay
                  0.02    0.00    2.00 ^ updown (in)
     1    0.00                           updown (net)
                  0.02    0.00    2.00 ^ input2/A (sky130_fd_sc_hd__clkbuf_2)
                  0.13    0.21    2.22 ^ input2/X (sky130_fd_sc_hd__clkbuf_2)
     4    0.01                           net2 (net)
                  0.13    0.00    2.22 ^ _43_/S (sky130_fd_sc_hd__mux2_1)
                  0.10    0.69    2.91 v _43_/X (sky130_fd_sc_hd__mux2_1)
     1    0.00                           _09_ (net)
                  0.10    0.00    2.91 v _24_/B_N (sky130_fd_sc_hd__nor2b_1)
                  0.06    0.26    3.17 v _24_/Y (sky130_fd_sc_hd__nor2b_1)
     1    0.00                           _13_ (net)
                  0.06    0.00    3.17 v _47_/D (sky130_fd_sc_hd__dfxtp_1)
                                  3.17   data arrival time

                  0.00   10.00   10.00   clock clk (rise edge)
                          0.00   10.00   clock network delay (ideal)
                          0.00   10.00   clock reconvergence pessimism
                                 10.00 ^ _47_/CLK (sky130_fd_sc_hd__dfxtp_1)
                         -0.28    9.72   library setup time
                                  9.72   data required time
-----------------------------------------------------------------------------
                                  9.72   data required time
                                 -3.17   data arrival time
-----------------------------------------------------------------------------
                                  6.55   slack (MET)


