min_max_report
Startpoint: _46_ (rising edge-triggered flip-flop clocked by clk)
Endpoint: _46_ (rising edge-triggered flip-flop clocked by clk)
Path Group: clk
Path Type: min

Fanout     Cap    Slew   Delay    Time   Description
-----------------------------------------------------------------------------
                  0.00    0.00    0.00   clock clk (rise edge)
                          0.00    0.00   clock network delay (ideal)
                  0.00    0.00    0.00 ^ _46_/CLK (sky130_fd_sc_hd__dfxtp_2)
                  0.05    0.22    0.22 v _46_/Q (sky130_fd_sc_hd__dfxtp_2)
     4    0.03                           out[0] (net)
                  0.05    0.00    0.22 v _26_/A (sky130_fd_sc_hd__inv_2)
                  0.02    0.04    0.26 ^ _26_/Y (sky130_fd_sc_hd__inv_2)
     2    0.00                           _00_ (net)
                  0.02    0.00    0.26 ^ _42_/A0 (sky130_fd_sc_hd__mux2_1)
                  0.02    0.06    0.32 ^ _42_/X (sky130_fd_sc_hd__mux2_1)
     1    0.00                           _08_ (net)
                  0.02    0.00    0.32 ^ _25_/B_N (sky130_fd_sc_hd__nor2b_2)
                  0.04    0.07    0.39 ^ _25_/Y (sky130_fd_sc_hd__nor2b_2)
     1    0.00                           _12_ (net)
                  0.04    0.00    0.39 ^ _46_/D (sky130_fd_sc_hd__dfxtp_2)
                                  0.39   data arrival time

                  0.00    0.00    0.00   clock clk (rise edge)
                          0.00    0.00   clock network delay (ideal)
                          0.00    0.00   clock reconvergence pessimism
                                  0.00 ^ _46_/CLK (sky130_fd_sc_hd__dfxtp_2)
                         -0.02   -0.02   library hold time
                                 -0.02   data required time
-----------------------------------------------------------------------------
                                 -0.02   data required time
                                 -0.39   data arrival time
-----------------------------------------------------------------------------
                                  0.41   slack (MET)


Startpoint: _46_ (rising edge-triggered flip-flop clocked by clk)
Endpoint: _49_ (rising edge-triggered flip-flop clocked by clk)
Path Group: clk
Path Type: max

Fanout     Cap    Slew   Delay    Time   Description
-----------------------------------------------------------------------------
                  0.00    0.00    0.00   clock clk (rise edge)
                          0.00    0.00   clock network delay (ideal)
                  0.00    0.00    0.00 ^ _46_/CLK (sky130_fd_sc_hd__dfxtp_2)
                  0.14    0.66    0.66 v _46_/Q (sky130_fd_sc_hd__dfxtp_2)
     4    0.03                           out[0] (net)
                  0.14    0.00    0.66 v _28_/A (sky130_fd_sc_hd__or2_2)
                  0.14    0.73    1.39 v _28_/X (sky130_fd_sc_hd__or2_2)
     3    0.01                           _16_ (net)
                  0.14    0.00    1.39 v _32_/B (sky130_fd_sc_hd__or2_2)
                  0.12    0.66    2.06 v _32_/X (sky130_fd_sc_hd__or2_2)
     3    0.00                           _18_ (net)
                  0.12    0.00    2.06 v _38_/B2 (sky130_fd_sc_hd__o2bb2a_2)
                  0.07    0.50    2.56 v _38_/X (sky130_fd_sc_hd__o2bb2a_2)
     1    0.00                           _06_ (net)
                  0.07    0.00    2.56 v _45_/A0 (sky130_fd_sc_hd__mux2_1)
                  0.10    0.60    3.16 v _45_/X (sky130_fd_sc_hd__mux2_1)
     1    0.00                           _11_ (net)
                  0.10    0.00    3.16 v _41_/B_N (sky130_fd_sc_hd__nor2b_2)
                  0.06    0.30    3.47 v _41_/Y (sky130_fd_sc_hd__nor2b_2)
     1    0.00                           _15_ (net)
                  0.06    0.00    3.47 v _49_/D (sky130_fd_sc_hd__dfxtp_2)
                                  3.47   data arrival time

                  0.00   10.00   10.00   clock clk (rise edge)
                          0.00   10.00   clock network delay (ideal)
                          0.00   10.00   clock reconvergence pessimism
                                 10.00 ^ _49_/CLK (sky130_fd_sc_hd__dfxtp_2)
                         -0.29    9.71   library setup time
                                  9.71   data required time
-----------------------------------------------------------------------------
                                  9.71   data required time
                                 -3.47   data arrival time
-----------------------------------------------------------------------------
                                  6.24   slack (MET)


