min_max_report
Startpoint: _46_ (rising edge-triggered flip-flop clocked by clk)
Endpoint: _46_ (rising edge-triggered flip-flop clocked by clk)
Path Group: clk
Path Type: min

Fanout     Cap    Slew   Delay    Time   Description
-----------------------------------------------------------------------------
                  0.00    0.00    0.00   clock clk (rise edge)
                          0.00    0.00   clock network delay (ideal)
                  0.00    0.00    0.00 ^ _46_/CLK (sky130_fd_sc_hd__dfxtp_1)
                  0.02    0.17    0.17 v _46_/Q (sky130_fd_sc_hd__dfxtp_1)
     4    0.00                           net3 (net)
                  0.02    0.00    0.17 v _26_/A (sky130_fd_sc_hd__inv_2)
                  0.01    0.02    0.19 ^ _26_/Y (sky130_fd_sc_hd__inv_2)
     2    0.00                           _00_ (net)
                  0.01    0.00    0.19 ^ _42_/A0 (sky130_fd_sc_hd__mux2_1)
                  0.02    0.06    0.25 ^ _42_/X (sky130_fd_sc_hd__mux2_1)
     1    0.00                           _08_ (net)
                  0.02    0.00    0.25 ^ _25_/B_N (sky130_fd_sc_hd__nor2b_1)
                  0.05    0.07    0.32 ^ _25_/Y (sky130_fd_sc_hd__nor2b_1)
     1    0.00                           _12_ (net)
                  0.05    0.00    0.32 ^ _46_/D (sky130_fd_sc_hd__dfxtp_1)
                                  0.32   data arrival time

                  0.00    0.00    0.00   clock clk (rise edge)
                          0.00    0.00   clock network delay (ideal)
                          0.00    0.00   clock reconvergence pessimism
                                  0.00 ^ _46_/CLK (sky130_fd_sc_hd__dfxtp_1)
                         -0.02   -0.02   library hold time
                                 -0.02   data required time
-----------------------------------------------------------------------------
                                 -0.02   data required time
                                 -0.32   data arrival time
-----------------------------------------------------------------------------
                                  0.34   slack (MET)


Startpoint: updown (input port clocked by clk)
Endpoint: _47_ (rising edge-triggered flip-flop clocked by clk)
Path Group: clk
Path Type: max

Fanout     Cap    Slew   Delay    Time   Description
-----------------------------------------------------------------------------
                  0.00    0.00    0.00   clock clk (rise edge)
                          0.00    0.00   clock network delay (ideal)
                          2.00    2.00 ^ input external delay
                  0.02    0.00    2.00 ^ updown (in)
     1    0.00                           updown (net)
                  0.02    0.00    2.00 ^ input2/A (sky130_fd_sc_hd__clkbuf_2)
                  0.15    0.23    2.23 ^ input2/X (sky130_fd_sc_hd__clkbuf_2)
     4    0.01                           net2 (net)
                  0.15    0.00    2.23 ^ _43_/S (sky130_fd_sc_hd__mux2_1)
                  0.11    0.72    2.95 v _43_/X (sky130_fd_sc_hd__mux2_1)
     1    0.00                           _09_ (net)
                  0.11    0.00    2.95 v _24_/B_N (sky130_fd_sc_hd__nor2b_1)
                  0.07    0.27    3.22 v _24_/Y (sky130_fd_sc_hd__nor2b_1)
     1    0.00                           _13_ (net)
                  0.07    0.00    3.22 v _47_/D (sky130_fd_sc_hd__dfxtp_1)
                                  3.22   data arrival time

                  0.00   10.00   10.00   clock clk (rise edge)
                          0.00   10.00   clock network delay (ideal)
                          0.00   10.00   clock reconvergence pessimism
                                 10.00 ^ _47_/CLK (sky130_fd_sc_hd__dfxtp_1)
                         -0.29    9.71   library setup time
                                  9.71   data required time
-----------------------------------------------------------------------------
                                  9.71   data required time
                                 -3.22   data arrival time
-----------------------------------------------------------------------------
                                  6.49   slack (MET)


